<?xml version="1.0" encoding="utf-8"?>
<test-run id="2" testcasecount="34" result="Passed" total="34" passed="34" failed="0" inconclusive="0" skipped="0" asserts="0" engine-version="3.5.0.0" clr-version="4.0.30319.42000" start-time="2026-04-07 18:17:11Z" end-time="2026-04-07 18:17:11Z" duration="0.3383755">
  <test-suite type="TestSuite" id="1000" name="Local Desktop Assistant" fullname="Local Desktop Assistant" runstate="Runnable" testcasecount="34" result="Passed" start-time="2026-04-07 18:17:11Z" end-time="2026-04-07 18:17:11Z" duration="0.338376" total="34" passed="34" failed="0" inconclusive="0" skipped="0" asserts="0">
    <properties>
      <property name="platform" value="EditMode" />
    </properties>
    <test-suite type="Assembly" id="1049" name="LocalAssistant.EditModeTests.dll" fullname="D:/antigaravity_code/app_tro_ly/ai-dev-system/clients/unity-client/Library/ScriptAssemblies/LocalAssistant.EditModeTests.dll" runstate="Runnable" testcasecount="34" result="Passed" start-time="2026-04-07 18:17:11Z" end-time="2026-04-07 18:17:11Z" duration="0.321359" total="34" passed="34" failed="0" inconclusive="0" skipped="0" asserts="0">
      <properties>
        <property name="_PID" value="14636" />
        <property name="_APPDOMAIN" value="Unity Child Domain" />
        <property name="platform" value="EditMode" />
        <property name="EditorOnly" value="True" />
      </properties>
      <test-suite type="TestSuite" id="1050" name="LocalAssistant" fullname="LocalAssistant" runstate="Runnable" testcasecount="34" result="Passed" start-time="2026-04-07 18:17:11Z" end-time="2026-04-07 18:17:11Z" duration="0.320572" total="34" passed="34" failed="0" inconclusive="0" skipped="0" asserts="0">
        <properties />
        <test-suite type="TestSuite" id="1051" name="Tests" fullname="LocalAssistant.Tests" runstate="Runnable" testcasecount="34" result="Passed" start-time="2026-04-07 18:17:11Z" end-time="2026-04-07 18:17:11Z" duration="0.320152" total="34" passed="34" failed="0" inconclusive="0" skipped="0" asserts="0">
          <properties />
          <test-suite type="TestSuite" id="1052" name="EditMode" fullname="LocalAssistant.Tests.EditMode" runstate="Runnable" testcasecount="34" result="Passed" start-time="2026-04-07 18:17:11Z" end-time="2026-04-07 18:17:11Z" duration="0.319513" total="34" passed="34" failed="0" inconclusive="0" skipped="0" asserts="0">
            <properties />
            <test-suite type="TestFixture" id="1002" name="AssistantEventBusTests" fullname="LocalAssistant.Tests.EditMode.AssistantEventBusTests" classname="LocalAssistant.Tests.EditMode.AssistantEventBusTests" runstate="Runnable" testcasecount="2" result="Passed" start-time="2026-04-07 18:17:11Z" end-time="2026-04-07 18:17:11Z" duration="0.063898" total="2" passed="2" failed="0" inconclusive="0" skipped="0" asserts="0">
              <properties />
              <test-case id="1004" name="DisposedSubscriptionStopsReceivingEvents" fullname="LocalAssistant.Tests.EditMode.AssistantEventBusTests.DisposedSubscriptionStopsReceivingEvents" methodname="DisposedSubscriptionStopsReceivingEvents" classname="LocalAssistant.Tests.EditMode.AssistantEventBusTests" runstate="Runnable" seed="1529260267" result="Passed" start-time="2026-04-07 18:17:11Z" end-time="2026-04-07 18:17:11Z" duration="0.031796" asserts="0">
                <properties>
                  <property name="retryIteration" value="0" />
                  <property name="repeatIteration" value="0" />
                </properties>
              </test-case>
              <test-case id="1003" name="PublishDeliversEventsToTypedSubscribers" fullname="LocalAssistant.Tests.EditMode.AssistantEventBusTests.PublishDeliversEventsToTypedSubscribers" methodname="PublishDeliversEventsToTypedSubscribers" classname="LocalAssistant.Tests.EditMode.AssistantEventBusTests" runstate="Runnable" seed="1869397676" result="Passed" start-time="2026-04-07 18:17:11Z" end-time="2026-04-07 18:17:11Z" duration="0.002645" asserts="0">
                <properties>
                  <property name="retryIteration" value="0" />
                  <property name="repeatIteration" value="0" />
                </properties>
              </test-case>
            </test-suite>
            <test-suite type="TestFixture" id="1005" name="AvatarOutfitSystemTests" fullname="LocalAssistant.Tests.EditMode.AvatarOutfitSystemTests" classname="LocalAssistant.Tests.EditMode.AvatarOutfitSystemTests" runstate="Runnable" testcasecount="4" result="Passed" start-time="2026-04-07 18:17:11Z" end-time="2026-04-07 18:17:11Z" duration="0.033339" total="4" passed="4" failed="0" inconclusive="0" skipped="0" asserts="0">
              <properties />
              <test-case id="1008" name="BodyVisibilityManagerHidesAndRestoresMappedRegionsForLongClothes" fullname="LocalAssistant.Tests.EditMode.AvatarOutfitSystemTests.BodyVisibilityManagerHidesAndRestoresMappedRegionsForLongClothes" methodname="BodyVisibilityManagerHidesAndRestoresMappedRegionsForLongClothes" classname="LocalAssistant.Tests.EditMode.AvatarOutfitSystemTests" runstate="Runnable" seed="1585314313" result="Passed" start-time="2026-04-07 18:17:11Z" end-time="2026-04-07 18:17:11Z" duration="0.021413" asserts="0">
                <properties>
                  <property name="retryIteration" value="0" />
                  <property name="repeatIteration" value="0" />
                </properties>
              </test-case>
              <test-case id="1006" name="EquipAndUnequipItemUpdatesSlotOccupancy" fullname="LocalAssistant.Tests.EditMode.AvatarOutfitSystemTests.EquipAndUnequipItemUpdatesSlotOccupancy" methodname="EquipAndUnequipItemUpdatesSlotOccupancy" classname="LocalAssistant.Tests.EditMode.AvatarOutfitSystemTests" runstate="Runnable" seed="1640520768" result="Passed" start-time="2026-04-07 18:17:11Z" end-time="2026-04-07 18:17:11Z" duration="0.001869" asserts="0">
                <properties>
                  <property name="retryIteration" value="0" />
                  <property name="repeatIteration" value="0" />
                </properties>
              </test-case>
              <test-case id="1007" name="EquipDressUnequipsTopAndBottom" fullname="LocalAssistant.Tests.EditMode.AvatarOutfitSystemTests.EquipDressUnequipsTopAndBottom" methodname="EquipDressUnequipsTopAndBottom" classname="LocalAssistant.Tests.EditMode.AvatarOutfitSystemTests" runstate="Runnable" seed="145945557" result="Passed" start-time="2026-04-07 18:17:11Z" end-time="2026-04-07 18:17:11Z" duration="0.001016" asserts="0">
                <properties>
                  <property name="retryIteration" value="0" />
                  <property name="repeatIteration" value="0" />
                </properties>
              </test-case>
              <test-case id="1009" name="PresetManagerCanApplySaveAndLoadOutfit" fullname="LocalAssistant.Tests.EditMode.AvatarOutfitSystemTests.PresetManagerCanApplySaveAndLoadOutfit" methodname="PresetManagerCanApplySaveAndLoadOutfit" classname="LocalAssistant.Tests.EditMode.AvatarOutfitSystemTests" runstate="Runnable" seed="149830509" result="Passed" start-time="2026-04-07 18:17:11Z" end-time="2026-04-07 18:17:11Z" duration="0.005906" asserts="0">
                <properties>
                  <property name="retryIteration" value="0" />
                  <property name="repeatIteration" value="0" />
                </properties>
              </test-case>
            </test-suite>
            <test-suite type="TestFixture" id="1010" name="ChatModuleTests" fullname="LocalAssistant.Tests.EditMode.ChatModuleTests" classname="LocalAssistant.Tests.EditMode.ChatModuleTests" runstate="Runnable" testcasecount="1" result="Passed" start-time="2026-04-07 18:17:11Z" end-time="2026-04-07 18:17:11Z" duration="0.092925" total="1" passed="1" failed="0" inconclusive="0" skipped="0" asserts="0">
              <properties />
              <test-case id="1011" name="RenderUsesOwnedStateAndUpdatesRouteBadge" fullname="LocalAssistant.Tests.EditMode.ChatModuleTests.RenderUsesOwnedStateAndUpdatesRouteBadge" methodname="RenderUsesOwnedStateAndUpdatesRouteBadge" classname="LocalAssistant.Tests.EditMode.ChatModuleTests" runstate="Runnable" seed="2025814042" result="Passed" start-time="2026-04-07 18:17:11Z" end-time="2026-04-07 18:17:11Z" duration="0.091791" asserts="0">
                <properties>
                  <property name="retryIteration" value="0" />
                  <property name="repeatIteration" value="0" />
                </properties>
              </test-case>
            </test-suite>
            <test-suite type="TestFixture" id="1012" name="ChatViewModelStoreTests" fullname="LocalAssistant.Tests.EditMode.ChatViewModelStoreTests" classname="LocalAssistant.Tests.EditMode.ChatViewModelStoreTests" runstate="Runnable" testcasecount="5" result="Passed" start-time="2026-04-07 18:17:11Z" end-time="2026-04-07 18:17:11Z" duration="0.008147" total="5" passed="5" failed="0" inconclusive="0" skipped="0" asserts="0">
              <properties />
              <test-case id="1017" name="ApplyPlannerActionResultBuildsChatOwnedActionSummary" fullname="LocalAssistant.Tests.EditMode.ChatViewModelStoreTests.ApplyPlannerActionResultBuildsChatOwnedActionSummary" methodname="ApplyPlannerActionResultBuildsChatOwnedActionSummary" classname="LocalAssistant.Tests.EditMode.ChatViewModelStoreTests" runstate="Runnable" seed="678968781" result="Passed" start-time="2026-04-07 18:17:11Z" end-time="2026-04-07 18:17:11Z" duration="0.001748" asserts="0">
                <properties>
                  <property name="retryIteration" value="0" />
                  <property name="repeatIteration" value="0" />
                </properties>
              </test-case>
              <test-case id="1014" name="BuildPanelSnapshotIncludesDiagnosticsActionConfirmationAndTranscriptPreview" fullname="LocalAssistant.Tests.EditMode.ChatViewModelStoreTests.BuildPanelSnapshotIncludesDiagnosticsActionConfirmationAndTranscriptPreview" methodname="BuildPanelSnapshotIncludesDiagnosticsActionConfirmationAndTranscriptPreview" classname="LocalAssistant.Tests.EditMode.ChatViewModelStoreTests" runstate="Runnable" seed="1549344175" result="Passed" start-time="2026-04-07 18:17:11Z" end-time="2026-04-07 18:17:11Z" duration="0.000541" asserts="0">
                <properties>
                  <property name="retryIteration" value="0" />
                  <property name="repeatIteration" value="0" />
                </properties>
              </test-case>
              <test-case id="1015" name="BuildPanelSnapshotUsesSystemStatusWhenIdle" fullname="LocalAssistant.Tests.EditMode.ChatViewModelStoreTests.BuildPanelSnapshotUsesSystemStatusWhenIdle" methodname="BuildPanelSnapshotUsesSystemStatusWhenIdle" classname="LocalAssistant.Tests.EditMode.ChatViewModelStoreTests" runstate="Runnable" seed="1128670583" result="Passed" start-time="2026-04-07 18:17:11Z" end-time="2026-04-07 18:17:11Z" duration="0.000462" asserts="0">
                <properties>
                  <property name="retryIteration" value="0" />
                  <property name="repeatIteration" value="0" />
                </properties>
              </test-case>
              <test-case id="1013" name="BuildTranscriptIncludesDraftAssistantReply" fullname="LocalAssistant.Tests.EditMode.ChatViewModelStoreTests.BuildTranscriptIncludesDraftAssistantReply" methodname="BuildTranscriptIncludesDraftAssistantReply" classname="LocalAssistant.Tests.EditMode.ChatViewModelStoreTests" runstate="Runnable" seed="1398555543" result="Passed" start-time="2026-04-07 18:17:11Z" end-time="2026-04-07 18:17:11Z" duration="0.000711" asserts="0">
                <properties>
                  <property name="retryIteration" value="0" />
                  <property name="repeatIteration" value="0" />
                </properties>
              </test-case>
              <test-case id="1016" name="CompatibilityAndStreamingRepliesShareDiagnosticsAndActionFormatting" fullname="LocalAssistant.Tests.EditMode.ChatViewModelStoreTests.CompatibilityAndStreamingRepliesShareDiagnosticsAndActionFormatting" methodname="CompatibilityAndStreamingRepliesShareDiagnosticsAndActionFormatting" classname="LocalAssistant.Tests.EditMode.ChatViewModelStoreTests" runstate="Runnable" seed="82659631" result="Passed" start-time="2026-04-07 18:17:11Z" end-time="2026-04-07 18:17:11Z" duration="0.002224" asserts="0">
                <properties>
                  <property name="retryIteration" value="0" />
                  <property name="repeatIteration" value="0" />
                </properties>
              </test-case>
            </test-suite>
            <test-suite type="TestFixture" id="1018" name="HealthRecoveryAdvisorTests" fullname="LocalAssistant.Tests.EditMode.HealthRecoveryAdvisorTests" classname="LocalAssistant.Tests.EditMode.HealthRecoveryAdvisorTests" runstate="Runnable" testcasecount="3" result="Passed" start-time="2026-04-07 18:17:11Z" end-time="2026-04-07 18:17:11Z" duration="0.003556" total="3" passed="3" failed="0" inconclusive="0" skipped="0" asserts="0">
              <properties />
              <test-case id="1021" name="ErrorHealthDisablesTaskActions" fullname="LocalAssistant.Tests.EditMode.HealthRecoveryAdvisorTests.ErrorHealthDisablesTaskActions" methodname="ErrorHealthDisablesTaskActions" classname="LocalAssistant.Tests.EditMode.HealthRecoveryAdvisorTests" runstate="Runnable" seed="1254112703" result="Passed" start-time="2026-04-07 18:17:11Z" end-time="2026-04-07 18:17:11Z" duration="0.000973" asserts="0">
                <properties>
                  <property name="retryIteration" value="0" />
                  <property name="repeatIteration" value="0" />
                </properties>
              </test-case>
              <test-case id="1020" name="PartialHealthBuildsRecoveryMessageAndDisablesMicWhenSttIsOff" fullname="LocalAssistant.Tests.EditMode.HealthRecoveryAdvisorTests.PartialHealthBuildsRecoveryMessageAndDisablesMicWhenSttIsOff" methodname="PartialHealthBuildsRecoveryMessageAndDisablesMicWhenSttIsOff" classname="LocalAssistant.Tests.EditMode.HealthRecoveryAdvisorTests" runstate="Runnable" seed="487115375" result="Passed" start-time="2026-04-07 18:17:11Z" end-time="2026-04-07 18:17:11Z" duration="0.000872" asserts="0">
                <properties>
                  <property name="retryIteration" value="0" />
                  <property name="repeatIteration" value="0" />
                </properties>
              </test-case>
              <test-case id="1019" name="ReadyHealthKeepsControlsEnabledAndShowsNoRecoveryMessage" fullname="LocalAssistant.Tests.EditMode.HealthRecoveryAdvisorTests.ReadyHealthKeepsControlsEnabledAndShowsNoRecoveryMessage" methodname="ReadyHealthKeepsControlsEnabledAndShowsNoRecoveryMessage" classname="LocalAssistant.Tests.EditMode.HealthRecoveryAdvisorTests" runstate="Runnable" seed="1912495565" result="Passed" start-time="2026-04-07 18:17:11Z" end-time="2026-04-07 18:17:11Z" duration="0.000269" asserts="0">
                <properties>
                  <property name="retryIteration" value="0" />
                  <property name="repeatIteration" value="0" />
                </properties>
              </test-case>
            </test-suite>
            <test-suite type="TestFixture" id="1022" name="HealthResponseNormalizerTests" fullname="LocalAssistant.Tests.EditMode.HealthResponseNormalizerTests" classname="LocalAssistant.Tests.EditMode.HealthResponseNormalizerTests" runstate="Runnable" testcasecount="2" result="Passed" start-time="2026-04-07 18:17:11Z" end-time="2026-04-07 18:17:11Z" duration="0.001603" total="2" passed="2" failed="0" inconclusive="0" skipped="0" asserts="0">
              <properties />
              <test-case id="1024" name="NormalizeCreatesFallbackPayloadWhenInputIsNull" fullname="LocalAssistant.Tests.EditMode.HealthResponseNormalizerTests.NormalizeCreatesFallbackPayloadWhenInputIsNull" methodname="NormalizeCreatesFallbackPayloadWhenInputIsNull" classname="LocalAssistant.Tests.EditMode.HealthResponseNormalizerTests" runstate="Runnable" seed="1569442393" result="Passed" start-time="2026-04-07 18:17:11Z" end-time="2026-04-07 18:17:11Z" duration="0.000514" asserts="0">
                <properties>
                  <property name="retryIteration" value="0" />
                  <property name="repeatIteration" value="0" />
                </properties>
              </test-case>
              <test-case id="1023" name="NormalizeCreatesSafeDefaultsForSparsePayload" fullname="LocalAssistant.Tests.EditMode.HealthResponseNormalizerTests.NormalizeCreatesSafeDefaultsForSparsePayload" methodname="NormalizeCreatesSafeDefaultsForSparsePayload" classname="LocalAssistant.Tests.EditMode.HealthResponseNormalizerTests" runstate="Runnable" seed="1189119252" result="Passed" start-time="2026-04-07 18:17:11Z" end-time="2026-04-07 18:17:11Z" duration="0.000302" asserts="0">
                <properties>
                  <property name="retryIteration" value="0" />
                  <property name="repeatIteration" value="0" />
                </properties>
              </test-case>
            </test-suite>
            <test-suite type="TestFixture" id="1025" name="HealthStatusMapperTests" fullname="LocalAssistant.Tests.EditMode.HealthStatusMapperTests" classname="LocalAssistant.Tests.EditMode.HealthStatusMapperTests" runstate="Runnable" testcasecount="2" result="Passed" start-time="2026-04-07 18:17:11Z" end-time="2026-04-07 18:17:11Z" duration="0.002689" total="2" passed="2" failed="0" inconclusive="0" skipped="0" asserts="0">
              <properties />
              <test-case id="1026" name="ReadyStatusMapsToGreenLabel" fullname="LocalAssistant.Tests.EditMode.HealthStatusMapperTests.ReadyStatusMapsToGreenLabel" methodname="ReadyStatusMapsToGreenLabel" classname="LocalAssistant.Tests.EditMode.HealthStatusMapperTests" runstate="Runnable" seed="1115837611" result="Passed" start-time="2026-04-07 18:17:11Z" end-time="2026-04-07 18:17:11Z" duration="0.001459" asserts="0">
                <properties>
                  <property name="retryIteration" value="0" />
                  <property name="repeatIteration" value="0" />
                </properties>
              </test-case>
              <test-case id="1027" name="UnknownStatusFallsBackToError" fullname="LocalAssistant.Tests.EditMode.HealthStatusMapperTests.UnknownStatusFallsBackToError" methodname="UnknownStatusFallsBackToError" classname="LocalAssistant.Tests.EditMode.HealthStatusMapperTests" runstate="Runnable" seed="393916885" result="Passed" start-time="2026-04-07 18:17:11Z" end-time="2026-04-07 18:17:11Z" duration="0.000358" asserts="0">
                <properties>
                  <property name="retryIteration" value="0" />
                  <property name="repeatIteration" value="0" />
                </properties>
              </test-case>
            </test-suite>
            <test-suite type="TestFixture" id="1028" name="MeshAssetRegistryTests" fullname="LocalAssistant.Tests.EditMode.MeshAssetRegistryTests" classname="LocalAssistant.Tests.EditMode.MeshAssetRegistryTests" runstate="Runnable" testcasecount="4" result="Passed" start-time="2026-04-07 18:17:11Z" end-time="2026-04-07 18:17:11Z" duration="0.069688" total="4" passed="4" failed="0" inconclusive="0" skipped="0" asserts="0">
              <properties />
              <test-case id="1029" name="ReloadRegistersWardrobeAndRoomHandoffManifests" fullname="LocalAssistant.Tests.EditMode.MeshAssetRegistryTests.ReloadRegistersWardrobeAndRoomHandoffManifests" methodname="ReloadRegistersWardrobeAndRoomHandoffManifests" classname="LocalAssistant.Tests.EditMode.MeshAssetRegistryTests" runstate="Runnable" seed="619307143" result="Passed" start-time="2026-04-07 18:17:11Z" end-time="2026-04-07 18:17:11Z" duration="0.041229" asserts="0">
                <properties>
                  <property name="retryIteration" value="0" />
                  <property name="repeatIteration" value="0" />
                </properties>
              </test-case>
              <test-case id="1030" name="TryApplyRoomFocusPresetUsesRegistryAliasWhenSceneObjectIsMissing" fullname="LocalAssistant.Tests.EditMode.MeshAssetRegistryTests.TryApplyRoomFocusPresetUsesRegistryAliasWhenSceneObjectIsMissing" methodname="TryApplyRoomFocusPresetUsesRegistryAliasWhenSceneObjectIsMissing" classname="LocalAssistant.Tests.EditMode.MeshAssetRegistryTests" runstate="Runnable" seed="295752026" result="Passed" start-time="2026-04-07 18:17:11Z" end-time="2026-04-07 18:17:11Z" duration="0.006095" asserts="0">
                <properties>
                  <property name="retryIteration" value="0" />
                  <property name="repeatIteration" value="0" />
                </properties>
              </test-case>
              <test-case id="1032" name="UnityBridgeClientEquipsWardrobeItemFromManifestAliasWhenRuntimeItemExists" fullname="LocalAssistant.Tests.EditMode.MeshAssetRegistryTests.UnityBridgeClientEquipsWardrobeItemFromManifestAliasWhenRuntimeItemExists" methodname="UnityBridgeClientEquipsWardrobeItemFromManifestAliasWhenRuntimeItemExists" classname="LocalAssistant.Tests.EditMode.MeshAssetRegistryTests" runstate="Runnable" seed="984652001" result="Passed" start-time="2026-04-07 18:17:11Z" end-time="2026-04-07 18:17:11Z" duration="0.010338" asserts="0">
                <properties>
                  <property name="retryIteration" value="0" />
                  <property name="repeatIteration" value="0" />
                </properties>
              </test-case>
              <test-case id="1031" name="UnityBridgeClientRejectsWardrobeEquipWhenManifestHasNoRuntimeItemMapping" fullname="LocalAssistant.Tests.EditMode.MeshAssetRegistryTests.UnityBridgeClientRejectsWardrobeEquipWhenManifestHasNoRuntimeItemMapping" methodname="UnityBridgeClientRejectsWardrobeEquipWhenManifestHasNoRuntimeItemMapping" classname="LocalAssistant.Tests.EditMode.MeshAssetRegistryTests" runstate="Runnable" seed="1990550766" result="Passed" start-time="2026-04-07 18:17:11Z" end-time="2026-04-07 18:17:11Z" duration="0.009998" asserts="0">
                <properties>
                  <property name="retryIteration" value="0" />
                  <property name="repeatIteration" value="0" />
                </properties>
                <output><![CDATA[[InteractionRuntime] Could not find target object 'DeskLantern'.
[UnityBridgeClient] Wardrobe key 'AzureSakuraKimono' matched handoff manifest 'azure-sakura-kimono-0326010047', nhung AvatarItemRegistry chua co AvatarItemDefinition tuong ung.
]]></output>
              </test-case>
            </test-suite>
            <test-suite type="TestFixture" id="1033" name="PlannerBackendIntegrationTests" fullname="LocalAssistant.Tests.EditMode.PlannerBackendIntegrationTests" classname="LocalAssistant.Tests.EditMode.PlannerBackendIntegrationTests" runstate="Runnable" testcasecount="2" result="Passed" start-time="2026-04-07 18:17:11Z" end-time="2026-04-07 18:17:11Z" duration="0.020567" total="2" passed="2" failed="0" inconclusive="0" skipped="0" asserts="0">
              <properties />
              <test-case id="1034" name="LoadSnapshotAsyncMapsPlannerResponsesIntoTypedSnapshot" fullname="LocalAssistant.Tests.EditMode.PlannerBackendIntegrationTests.LoadSnapshotAsyncMapsPlannerResponsesIntoTypedSnapshot" methodname="LoadSnapshotAsyncMapsPlannerResponsesIntoTypedSnapshot" classname="LocalAssistant.Tests.EditMode.PlannerBackendIntegrationTests" runstate="Runnable" seed="2141728816" result="Passed" start-time="2026-04-07 18:17:11Z" end-time="2026-04-07 18:17:11Z" duration="0.015813" asserts="0">
                <properties>
                  <property name="retryIteration" value="0" />
                  <property name="repeatIteration" value="0" />
                </properties>
              </test-case>
              <test-case id="1035" name="MutationCallsMapBackIntoPlannerResult" fullname="LocalAssistant.Tests.EditMode.PlannerBackendIntegrationTests.MutationCallsMapBackIntoPlannerResult" methodname="MutationCallsMapBackIntoPlannerResult" classname="LocalAssistant.Tests.EditMode.PlannerBackendIntegrationTests" runstate="Runnable" seed="743022113" result="Passed" start-time="2026-04-07 18:17:11Z" end-time="2026-04-07 18:17:11Z" duration="0.003058" asserts="0">
                <properties>
                  <property name="retryIteration" value="0" />
                  <property name="repeatIteration" value="0" />
                </properties>
              </test-case>
            </test-suite>
            <test-suite type="TestFixture" id="1036" name="SettingsSerializationTests" fullname="LocalAssistant.Tests.EditMode.SettingsSerializationTests" classname="LocalAssistant.Tests.EditMode.SettingsSerializationTests" runstate="Runnable" testcasecount="1" result="Passed" start-time="2026-04-07 18:17:11Z" end-time="2026-04-07 18:17:11Z" duration="0.001965" total="1" passed="1" failed="0" inconclusive="0" skipped="0" asserts="0">
              <properties />
              <test-case id="1037" name="SettingsPayloadRoundTripsWithUnityJson" fullname="LocalAssistant.Tests.EditMode.SettingsSerializationTests.SettingsPayloadRoundTripsWithUnityJson" methodname="SettingsPayloadRoundTripsWithUnityJson" classname="LocalAssistant.Tests.EditMode.SettingsSerializationTests" runstate="Runnable" seed="308301046" result="Passed" start-time="2026-04-07 18:17:11Z" end-time="2026-04-07 18:17:11Z" duration="0.001101" asserts="0">
                <properties>
                  <property name="retryIteration" value="0" />
                  <property name="repeatIteration" value="0" />
                </properties>
              </test-case>
            </test-suite>
            <test-suite type="TestFixture" id="1038" name="SettingsViewModelStoreTests" fullname="LocalAssistant.Tests.EditMode.SettingsViewModelStoreTests" classname="LocalAssistant.Tests.EditMode.SettingsViewModelStoreTests" runstate="Runnable" testcasecount="3" result="Passed" start-time="2026-04-07 18:17:11Z" end-time="2026-04-07 18:17:11Z" duration="0.003907" total="3" passed="3" failed="0" inconclusive="0" skipped="0" asserts="0">
              <properties />
              <test-case id="1039" name="ApplyClonesPayloadAndBuildsReadableSummary" fullname="LocalAssistant.Tests.EditMode.SettingsViewModelStoreTests.ApplyClonesPayloadAndBuildsReadableSummary" methodname="ApplyClonesPayloadAndBuildsReadableSummary" classname="LocalAssistant.Tests.EditMode.SettingsViewModelStoreTests" runstate="Runnable" seed="1999802965" result="Passed" start-time="2026-04-07 18:17:11Z" end-time="2026-04-07 18:17:11Z" duration="0.001353" asserts="0">
                <properties>
                  <property name="retryIteration" value="0" />
                  <property name="repeatIteration" value="0" />
                </properties>
              </test-case>
              <test-case id="1041" name="HasUnsavedChangesTracksBaselineAfterApply" fullname="LocalAssistant.Tests.EditMode.SettingsViewModelStoreTests.HasUnsavedChangesTracksBaselineAfterApply" methodname="HasUnsavedChangesTracksBaselineAfterApply" classname="LocalAssistant.Tests.EditMode.SettingsViewModelStoreTests" runstate="Runnable" seed="1670484847" result="Passed" start-time="2026-04-07 18:17:11Z" end-time="2026-04-07 18:17:11Z" duration="0.000787" asserts="0">
                <properties>
                  <property name="retryIteration" value="0" />
                  <property name="repeatIteration" value="0" />
                </properties>
              </test-case>
              <test-case id="1040" name="SnapshotPreservesToggleUpdates" fullname="LocalAssistant.Tests.EditMode.SettingsViewModelStoreTests.SnapshotPreservesToggleUpdates" methodname="SnapshotPreservesToggleUpdates" classname="LocalAssistant.Tests.EditMode.SettingsViewModelStoreTests" runstate="Runnable" seed="892893550" result="Passed" start-time="2026-04-07 18:17:11Z" end-time="2026-04-07 18:17:11Z" duration="0.000543" asserts="0">
                <properties>
                  <property name="retryIteration" value="0" />
                  <property name="repeatIteration" value="0" />
                </properties>
              </test-case>
            </test-suite>
            <test-suite type="TestFixture" id="1042" name="ShellStageSnapshotBuilderTests" fullname="LocalAssistant.Tests.EditMode.ShellStageSnapshotBuilderTests" classname="LocalAssistant.Tests.EditMode.ShellStageSnapshotBuilderTests" runstate="Runnable" testcasecount="2" result="Passed" start-time="2026-04-07 18:17:11Z" end-time="2026-04-07 18:17:11Z" duration="0.005290" total="2" passed="2" failed="0" inconclusive="0" skipped="0" asserts="0">
              <properties />
              <test-case id="1043" name="BuildIncludesSelectedDateRouteAndVoiceFlags" fullname="LocalAssistant.Tests.EditMode.ShellStageSnapshotBuilderTests.BuildIncludesSelectedDateRouteAndVoiceFlags" methodname="BuildIncludesSelectedDateRouteAndVoiceFlags" classname="LocalAssistant.Tests.EditMode.ShellStageSnapshotBuilderTests" runstate="Runnable" seed="538663706" result="Passed" start-time="2026-04-07 18:17:11Z" end-time="2026-04-07 18:17:11Z" duration="0.003354" asserts="0">
                <properties>
                  <property name="retryIteration" value="0" />
                  <property name="repeatIteration" value="0" />
                </properties>
              </test-case>
              <test-case id="1044" name="BuildUsesRecoveryCopyWhenHealthIsPartial" fullname="LocalAssistant.Tests.EditMode.ShellStageSnapshotBuilderTests.BuildUsesRecoveryCopyWhenHealthIsPartial" methodname="BuildUsesRecoveryCopyWhenHealthIsPartial" classname="LocalAssistant.Tests.EditMode.ShellStageSnapshotBuilderTests" runstate="Runnable" seed="685800618" result="Passed" start-time="2026-04-07 18:17:11Z" end-time="2026-04-07 18:17:11Z" duration="0.000615" asserts="0">
                <properties>
                  <property name="retryIteration" value="0" />
                  <property name="repeatIteration" value="0" />
                </properties>
              </test-case>
            </test-suite>
            <test-suite type="TestFixture" id="1045" name="TaskViewModelStoreTests" fullname="LocalAssistant.Tests.EditMode.TaskViewModelStoreTests" classname="LocalAssistant.Tests.EditMode.TaskViewModelStoreTests" runstate="Runnable" testcasecount="3" result="Passed" start-time="2026-04-07 18:17:11Z" end-time="2026-04-07 18:17:11Z" duration="0.008412" total="3" passed="3" failed="0" inconclusive="0" skipped="0" asserts="0">
              <properties />
              <test-case id="1048" name="BuildOverviewTextIncludesKeyCounters" fullname="LocalAssistant.Tests.EditMode.TaskViewModelStoreTests.BuildOverviewTextIncludesKeyCounters" methodname="BuildOverviewTextIncludesKeyCounters" classname="LocalAssistant.Tests.EditMode.TaskViewModelStoreTests" runstate="Runnable" seed="965175501" result="Passed" start-time="2026-04-07 18:17:11Z" end-time="2026-04-07 18:17:11Z" duration="0.002852" asserts="0">
                <properties>
                  <property name="retryIteration" value="0" />
                  <property name="repeatIteration" value="0" />
                </properties>
              </test-case>
              <test-case id="1047" name="BuildTodayTextIncludesOverdueSection" fullname="LocalAssistant.Tests.EditMode.TaskViewModelStoreTests.BuildTodayTextIncludesOverdueSection" methodname="BuildTodayTextIncludesOverdueSection" classname="LocalAssistant.Tests.EditMode.TaskViewModelStoreTests" runstate="Runnable" seed="1462379112" result="Passed" start-time="2026-04-07 18:17:11Z" end-time="2026-04-07 18:17:11Z" duration="0.001532" asserts="0">
                <properties>
                  <property name="retryIteration" value="0" />
                  <property name="repeatIteration" value="0" />
                </properties>
              </test-case>
              <test-case id="1046" name="GroupWeekByDayUsesBucketDate" fullname="LocalAssistant.Tests.EditMode.TaskViewModelStoreTests.GroupWeekByDayUsesBucketDate" methodname="GroupWeekByDayUsesBucketDate" classname="LocalAssistant.Tests.EditMode.TaskViewModelStoreTests" runstate="Runnable" seed="1394309447" result="Passed" start-time="2026-04-07 18:17:11Z" end-time="2026-04-07 18:17:11Z" duration="0.002676" asserts="0">
                <properties>
                  <property name="retryIteration" value="0" />
                  <property name="repeatIteration" value="0" />
                </properties>
                <output><![CDATA[<b><color=#2EA3FF>MCP-FOR-UNITY</color></b>: [TestRunnerNoThrottle] Restored Interaction Mode after test run.
Saving results to: C:/Users/tranx/AppData/LocalLow/DefaultCompany/Local Desktop Assistant\TestResults.xml
]]></output>
              </test-case>
            </test-suite>
          </test-suite>
        </test-suite>
      </test-suite>
    </test-suite>
  </test-suite>
</test-run>